<?xml version="1.0" encoding="UTF-8"?>
<!-- Generated by org.testng.reporters.JUnitReportReporter -->
<testsuite hostname="DESKTOP-QD6Q4G9" failures="0" tests="2" name="Dhananjayparit.ecommerce_tc_1" time="25.908" errors="0" timestamp="2025-10-12T21:25:46 IST" skipped="0">
  <testcase classname="Dhananjayparit.ecommerce_tc_1" name="fillFormPositive" time="14.523"/>
  <system-out/>
  <testcase classname="Dhananjayparit.ecommerce_tc_1" name="fillFormErrorValidation" time="11.385"/>
  <system-out/>
</testsuite> <!-- Dhananjayparit.ecommerce_tc_1 -->
