<?xml version="1.0" encoding="UTF-8"?>
<!-- Generated by org.testng.reporters.JUnitReportReporter -->
<testsuite hostname="DESKTOP-QD6Q4G9" failures="0" tests="1" name="Dhananjayparit.Ecommerce_tc_4_hybrid" time="25.980" errors="0" timestamp="2025-10-04T21:24:45 IST" skipped="0">
  <testcase classname="Dhananjayparit.Ecommerce_tc_4_hybrid" name="chromeNavigation" time="25.980"/>
  <system-out/>
</testsuite> <!-- Dhananjayparit.Ecommerce_tc_4_hybrid -->
