<?xml version="1.0" encoding="UTF-8"?>
<!-- Generated by org.testng.reporters.JUnitReportReporter -->
<testsuite hostname="DESKTOP-QD6Q4G9" failures="0" tests="1" name="Dhananjayparit.Ecommerce_tc_4_hybrid" time="28.464" errors="0" timestamp="2025-10-05T14:20:51 IST" skipped="0">
  <testcase classname="Dhananjayparit.Ecommerce_tc_4_hybrid" name="chromeNavigation" time="28.464"/>
  <system-out/>
</testsuite> <!-- Dhananjayparit.Ecommerce_tc_4_hybrid -->
